2018-03-02 16:38:52 DEBUG root:25 - Debug Log
2018-03-02 16:43:22 DEBUG root:25 - Debug Log
2018-03-05 00:20:26 DEBUG root:25 - REGISTER: Successful registration for user Customer
2018-03-05 00:20:26 DEBUG root:25 - REGISTER: Successful registration for user Customer
2018-03-05 00:20:26 DEBUG root:25 - REGISTER: Successful registration for user Transfer
2018-03-05 00:20:26 DEBUG root:25 - REGISTER: Successful registration for user Customer
2018-03-05 00:20:26 DEBUG root:25 - REGISTER: Successful registration for user Transfer
2018-03-05 00:20:26 DEBUG root:25 - REGISTER: Successful registration for user Customer
2018-03-05 00:20:26 DEBUG root:25 - REGISTER: Successful registration for user Customer
2018-03-05 00:20:26 DEBUG root:25 - REGISTER: Successful registration for user Customer
2018-03-05 00:20:26 DEBUG root:25 - REGISTER: Successful registration for user Transfer
2018-03-05 00:20:26 DEBUG root:25 - REGISTER: Successful registration for user Customer
2018-03-05 00:20:26 DEBUG root:25 - REGISTER: Successful registration for user Transfer
2018-03-05 00:20:26 DEBUG root:25 - REGISTER: Successful registration for user Customer
2018-03-05 00:20:26 DEBUG root:25 - REGISTER: Successful registration for user Customer
2018-03-05 00:20:26 DEBUG root:25 - REGISTER: Successful registration for user New Customer
2018-03-05 00:20:26 DEBUG root:25 - LOGON: Successful log in attempt for user New Customer
2018-03-05 00:20:26 DEBUG root:25 - REGISTER: Successful registration for user Customer
2018-03-05 00:20:26 DEBUG root:25 - REGISTER: Successful registration for user Customer
2018-03-05 00:20:26 DEBUG root:25 - REGISTER: Successful registration for user Customer
2018-03-05 00:20:26 DEBUG root:25 - REGISTER: Successful registration for user Customer
2018-03-05 00:20:26 DEBUG root:25 - REGISTER: Successful registration for user Customer
2018-03-05 00:20:26 DEBUG root:25 - REGISTER: Successful registration for user Customer
2018-03-05 00:20:26 DEBUG root:25 - REGISTER: Successful registration for user Customer
2018-03-05 00:20:26 DEBUG root:25 - REGISTER: Successful registration for user Transfer
2018-03-05 00:20:26 DEBUG root:25 - REGISTER: Successful registration for user Customer
2018-03-05 00:20:26 DEBUG root:25 - REGISTER: Successful registration for user Transfer
2018-03-05 00:20:26 DEBUG root:25 - REGISTER: Successful registration for user Customer
2018-03-05 00:20:26 DEBUG root:25 - REGISTER: Successful registration for user Customer
2018-03-05 00:20:26 DEBUG root:25 - REGISTER: Successful registration for user Transfer
2018-03-05 00:20:26 DEBUG root:25 - REGISTER: Successful registration for user Customer
2018-03-05 00:20:26 DEBUG root:25 - CANEL_ACCOUNT: Adminsitrator Admin canceled user Customer account Checking
2018-03-05 00:22:51 DEBUG root:25 - REGISTER: Successful registration for user Customer
2018-03-05 00:22:51 DEBUG root:25 - DEPOSIT: Administrator Admin successfully deposited $250.00 to user Customer account Checking
2018-03-05 00:22:51 DEBUG root:25 - REGISTER: Successful registration for user Customer
2018-03-05 00:22:51 DEBUG root:25 - REGISTER: Successful registration for user Transfer
2018-03-05 00:22:51 DEBUG root:25 - TRANSFER: Administrator Admin successfully transfered $250.00 from user Customer account Checking to user Transfer account Checking
2018-03-05 00:22:51 DEBUG root:25 - REGISTER: Successful registration for user Customer
2018-03-05 00:22:51 DEBUG root:25 - REGISTER: Successful registration for user Transfer
2018-03-05 00:22:51 DEBUG root:25 - REGISTER: Successful registration for user Customer
2018-03-05 00:22:51 DEBUG root:25 - REGISTER: Successful registration for user Customer
2018-03-05 00:22:51 DEBUG root:25 - WITHDRAW: Administrator Admin successfully withdrawed $250.00 from user Customer account Checking
2018-03-05 00:22:51 DEBUG root:25 - REGISTER: Successful registration for user Customer
2018-03-05 00:22:51 DEBUG root:25 - REGISTER: Successful registration for user Transfer
2018-03-05 00:22:51 DEBUG root:25 - REGISTER: Successful registration for user Customer
2018-03-05 00:22:51 DEBUG root:25 - REGISTER: Successful registration for user Transfer
2018-03-05 00:22:51 DEBUG root:25 - REGISTER: Successful registration for user Customer
2018-03-05 00:22:51 DEBUG root:25 - REGISTER: Successful registration for user Customer
2018-03-05 00:22:51 DEBUG root:25 - REGISTER: Successful registration for user New Customer
2018-03-05 00:22:51 DEBUG root:25 - LOGON: Successful log in attempt for user New Customer
2018-03-05 00:22:51 DEBUG root:25 - REGISTER: Successful registration for user Customer
2018-03-05 00:22:51 DEBUG root:25 - WITHDRAW: Customer Customer successfully withdrawed $250.00 from account Checking
2018-03-05 00:22:51 DEBUG root:25 - REGISTER: Successful registration for user Customer
2018-03-05 00:22:51 DEBUG root:25 - REGISTER: Successful registration for user Customer
2018-03-05 00:22:51 DEBUG root:25 - TRANSFER: Administrator Admin successfully transfered $250.00 from user Customer account Checking to account Checking - 2
2018-03-05 00:22:51 DEBUG root:25 - REGISTER: Successful registration for user Customer
2018-03-05 00:22:51 DEBUG root:25 - DEPOSIT: Customer Customer successfully deposited $500.00 to account Checking
2018-03-05 00:22:51 DEBUG root:25 - REGISTER: Successful registration for user Customer
2018-03-05 00:22:51 DEBUG root:25 - REGISTER: Successful registration for user Customer
2018-03-05 00:22:51 DEBUG root:25 - REGISTER: Successful registration for user Customer
2018-03-05 00:22:51 DEBUG root:25 - REGISTER: Successful registration for user Transfer
2018-03-05 00:22:51 DEBUG root:25 - REGISTER: Successful registration for user Customer
2018-03-05 00:22:51 DEBUG root:25 - REGISTER: Successful registration for user Transfer
2018-03-05 00:22:51 DEBUG root:25 - REGISTER: Successful registration for user Customer
2018-03-05 00:22:51 DEBUG root:25 - REGISTER: Successful registration for user Customer
2018-03-05 00:22:51 DEBUG root:25 - REGISTER: Successful registration for user Transfer
2018-03-05 00:22:51 DEBUG root:25 - TRANSFER: User Customer successfully transfered $250.00 from account Checking to user Transfer account Checking
2018-03-05 00:22:51 DEBUG root:25 - REGISTER: Successful registration for user Customer
2018-03-05 00:22:51 DEBUG root:25 - CANEL_ACCOUNT: Adminsitrator Admin canceled user Customer account Checking
2018-03-05 00:23:55 DEBUG root:25 - REGISTER: Successful registration for user Customer
2018-03-05 00:23:55 DEBUG root:25 - DEPOSIT: Administrator Admin successfully deposited $250.00 to user Customer account Checking
2018-03-05 00:23:55 DEBUG root:25 - REGISTER: Successful registration for user Customer
2018-03-05 00:23:55 DEBUG root:25 - REGISTER: Successful registration for user Transfer
2018-03-05 00:23:55 DEBUG root:25 - TRANSFER: Administrator Admin successfully transfered $250.00 from user Customer account Checking to user Transfer account Checking
2018-03-05 00:23:55 DEBUG root:25 - REGISTER: Successful registration for user Customer
2018-03-05 00:23:55 DEBUG root:25 - REGISTER: Successful registration for user Transfer
2018-03-05 00:23:55 DEBUG root:25 - REGISTER: Successful registration for user Customer
2018-03-05 00:23:55 DEBUG root:25 - REGISTER: Successful registration for user Customer
2018-03-05 00:23:55 DEBUG root:25 - WITHDRAW: Administrator Admin successfully withdrawed $250.00 from user Customer account Checking
2018-03-05 00:23:55 DEBUG root:25 - REGISTER: Successful registration for user Customer
2018-03-05 00:23:55 DEBUG root:25 - REGISTER: Successful registration for user Transfer
2018-03-05 00:23:55 DEBUG root:25 - REGISTER: Successful registration for user Customer
2018-03-05 00:23:55 DEBUG root:25 - REGISTER: Successful registration for user Transfer
2018-03-05 00:23:55 DEBUG root:25 - REGISTER: Successful registration for user Customer
2018-03-05 00:23:55 DEBUG root:25 - REGISTER: Successful registration for user Customer
2018-03-05 00:23:55 DEBUG root:25 - REGISTER: Successful registration for user New Customer
2018-03-05 00:23:55 DEBUG root:25 - LOGON: Successful log in attempt for user New Customer
2018-03-05 00:23:55 DEBUG root:25 - REGISTER: Successful registration for user Customer
2018-03-05 00:23:55 DEBUG root:25 - WITHDRAW: Customer Customer successfully withdrawed $250.00 from account Checking
2018-03-05 00:23:55 DEBUG root:25 - REGISTER: Successful registration for user Customer
2018-03-05 00:23:55 DEBUG root:25 - REGISTER: Successful registration for user Customer
2018-03-05 00:23:55 DEBUG root:25 - TRANSFER: Administrator Admin successfully transfered $250.00 from user Customer account Checking to account Checking - 2
2018-03-05 00:23:55 DEBUG root:25 - REGISTER: Successful registration for user Customer
2018-03-05 00:23:55 DEBUG root:25 - DEPOSIT: Customer Customer successfully deposited $500.00 to account Checking
2018-03-05 00:23:55 DEBUG root:25 - REGISTER: Successful registration for user Customer
2018-03-05 00:23:55 DEBUG root:25 - REGISTER: Successful registration for user Customer
2018-03-05 00:23:55 DEBUG root:25 - REGISTER: Successful registration for user Customer
2018-03-05 00:23:55 DEBUG root:25 - REGISTER: Successful registration for user Transfer
2018-03-05 00:23:55 DEBUG root:25 - REGISTER: Successful registration for user Customer
2018-03-05 00:23:55 DEBUG root:25 - REGISTER: Successful registration for user Transfer
2018-03-05 00:23:55 DEBUG root:25 - REGISTER: Successful registration for user Customer
2018-03-05 00:23:55 DEBUG root:25 - REGISTER: Successful registration for user Customer
2018-03-05 00:23:55 DEBUG root:25 - REGISTER: Successful registration for user Transfer
2018-03-05 00:23:55 DEBUG root:25 - TRANSFER: User Customer successfully transfered $250.00 from account Checking to user Transfer account Checking
2018-03-05 00:23:55 DEBUG root:25 - REGISTER: Successful registration for user Customer
2018-03-05 00:23:55 DEBUG root:25 - CANEL_ACCOUNT: Adminsitrator Admin canceled user Customer account Checking
2018-03-05 15:19:34 DEBUG root:25 - REGISTER: Successful registration for user Customer
2018-03-05 15:19:43 DEBUG root:25 - LOGON: Successful log in attempt for user Customer
2018-03-05 15:25:41 DEBUG root:25 - REGISTER: Successful registration for user Customer
2018-03-05 15:25:49 DEBUG root:25 - LOGON: Successful log in attempt for user Customer
2018-03-05 15:26:13 DEBUG root:25 - ACCOUNT_APPLICATION: User Customer applied for account Checking
2018-03-05 15:30:51 DEBUG root:25 - REGISTER: Successful registration for user Customer
2018-03-05 15:30:57 DEBUG root:25 - LOGON: Successful log in attempt for user Customer
2018-03-05 15:31:05 DEBUG root:25 - ACCOUNT_APPLICATION: User Customer applied for account Checking
2018-03-05 15:31:58 DEBUG root:25 - LOGON: Successful log in attempt for user Customer
2018-03-05 15:34:17 DEBUG root:25 - REGISTER: Successful registration for user Admin
2018-03-05 15:34:25 DEBUG root:25 - LOGON: Successful log in attempt for user Admin
2018-03-05 15:35:27 DEBUG root:25 - APPROVE_ACCOUNT: Employee Admin approved user Customer account Checking
2018-03-05 15:37:28 DEBUG root:25 - LOGON: Successful log in attempt for user Customer
2018-03-05 15:39:48 DEBUG root:25 - LOGON: Successful log in attempt for user Customer
2018-03-05 15:42:00 DEBUG root:25 - LOGON: Successful log in attempt for user Customer
2018-03-05 15:42:04 DEBUG root:25 - DEPOSIT: Customer Customer successfully deposited $500.00 to account Checking
2018-03-05 15:42:15 DEBUG root:25 - WITHDRAW: Customer Customer successfully withdrawed $500.00 from account Checking
